The modder has not chosen to include their source code.
Files:
Fargowiltas.dll
You can find this mod's .dll files under C:\Users\Alien\OneDrive\文档\My Games\Terraria\tModLoader\ModSources\ModAssemblies for easy mod collaboration!
Fargowiltas.pdb
build.txt
changelog.txt
description.txt
Fargowiltas.ruleset
FARGO_TEAM.md
icon.png
Items/Summons/Deviantt/Thorium/HellMimic.png
Items/Renewals/CorruptRenewalSupreme.png
Items/Ammos/Bullets/TungstenPouch.png
Items/Summons/Deviantt/HolyGrail.png
Items/Explosives/AltarExterminator.png
Items/Tiles/MutantToiletSheet.png
NPCs/Squirrel_Head.png
Items/Renewals/CrimsonRenewal.png
Items/Summons/SwarmSummons/OverloadDestroyer.png
Items/Summons/SwarmSummons/Thorium/OverloadCoznix.png
Items/Ammos/Bullets/VelocityPouch.png
Items/Summons/Deviantt/Thorium/MossBoulderSummon.png
Items/Summons/Deviantt/JungleChest.png
Items/Explosives/AutoHouse.png
Items/Summons/Abom/MatsuriLantern.png
Items/Tiles/MutantToiletSheet_Highlight.png
Items/Renewals/CrimsonRenewalSupreme.png
Items/Summons/SwarmSummons/OverloadEmpress.png
Items/Ammos/Bullets/VenomPouch.png
Items/Summons/Deviantt/LeesHeadband.png
Items/Summons/Deviantt/Thorium/MyceliumMimic.png
Items/Renewals/DirtRenewal.png
Items/Summons/Abom/NaughtyList.png
Items/Tiles/Omnistation.png
Items/Summons/Deviantt/MothLamp.png
Items/Ammos/Coins/CopperCoinBag.png
Items/Summons/SwarmSummons/Overloader.png
Items/Summons/Deviantt/Thorium/NormalBoulderSummon.png
Items/Summons/SwarmSummons/Thorium/OverloadGranite.png
Items/Renewals/DirtRenewalSupreme.png
Items/Summons/Abom/PartyInvite.png
Items/Tiles/Omnistation2.png
Projectiles/Explosives/InstatrackProj.png
iconold.png
Items/Summons/Deviantt/Thorium/SubmergedMimic.png
Items/Summons/SwarmSummons/Thorium/OverloadJelly.png
Items/Ammos/Coins/GoldCoinBag.png
Items/Tiles/OmnistationPlus.png
Items/Summons/SwarmSummons/OverloadEye.png
Items/Renewals/HallowRenewal.png
icon_small.png
Items/Summons/Abom/PillarSummon.png
Items/Summons/Deviantt/Thorium/VolcanicGem.png
Items/Renewals/HallowRenewalSupreme.png
Projectiles/Explosives/LihzahrdInstactuationBombProj.png
Items/Explosives/AutoHouseTile.png
Items/Summons/SwarmSummons/Thorium/OverloadLich.png
Items/Summons/SwarmSummons/OverloadFish.png
NPCs/Squirrel_Party.png
Items/Ammos/Coins/PlatinumCoinBag.png
Items/Renewals/MushroomRenewal.png
Items/Tiles/OmnistationPlusSheet.png
Items/Explosives/BoomShuriken.png
Items/Summons/Deviantt/MothronEgg.png
Items/Summons/Abom/RunawayProbe.png
Projectiles/Explosives/MiniInstabridgeProj.png
Items/Renewals/MushroomRenewalSupreme.png
Items/Explosives/CityBuster.png
Items/Summons/Deviantt/Pincushion.png
Items/Summons/SwarmSummons/AA/AbsoluteZeroCrystal.png
Items/Summons/SwarmSummons/OverloadFrostMoon.png
Items/Ammos/Coins/SilverCoinBag.png
Items/Summons/Abom/SlimyBarometer.png
Items/Renewals/PurityRenewal.png
Projectiles/Explosives/ObsInstabridgeProj.png
Items/Summons/SwarmSummons/Thorium/OverloadRag.png
Items/Tiles/OmnistationSheet.png
Items/Summons/Deviantt/PinkSlimeCrown.png
Items/Explosives/DoubleObsidianInstabridge.png
Items/Renewals/PurityRenewalSupreme.png
Items/Summons/Abom/SpentLantern.png
Projectiles/Explosives/OmniBridgifierProj.png
NPCs/SuperDummy.png
Items/Ammos/Darts/CrystalDartBox.png
Items/Summons/Deviantt/PirateFlag.png
Items/Summons/SwarmSummons/AA/Clawbomination.png
Projectiles/Explosion.png
Items/Summons/SwarmSummons/Thorium/OverloadSaucer.png
Items/Renewals/SandRenewal.png
Items/Tiles/OmnistationSheet2.png
Items/Summons/Abom/SpookyBranch.png
Projectiles/Explosives/SemiBridgifierProj.png
Items/Summons/SwarmSummons/OverloadGoblins.png
Items/Summons/Deviantt/PlunderedBooty.png
Projectiles/EyeProjectile.png
Items/Ammos/Darts/CursedDartBox.png
Items/Renewals/SandRenewalSupreme.png
Items/Summons/SwarmSummons/AA/GlowingMasshroom.png
Projectiles/Explosives/ShurikenProj.png
Projectiles/FakeHeartDeviantt.png
Items/Summons/Deviantt/RuneOrb.png
Items/Renewals/SnowRenewal.png
Items/Ammos/Darts/IchorDartBox.png
Items/Tiles/OmnistationSheet2_Glow.png
Items/Explosives/GraveBuster.png
Items/Summons/SwarmSummons/OverloadGolem.png
Items/Vanity/AbominationnScythe_HandsOff.png
Items/Summons/SwarmSummons/Thorium/OverloadStrider.png
Items/Summons/Abom/SuspiciousLookingScythe.png
Items/Summons/SwarmSummons/AA/Masshroom.png
Items/Summons/Deviantt/ShadowflameIcon.png
Items/Renewals/SnowRenewalSupreme.png
Items/Explosives/HalfInstavator.png
Items/Ammos/Darts/PoisonDartBox.png
UI/Assets/StatsButton.png
Items/Tiles/OmnistationSheet_Glow.png
Items/Summons/SwarmSummons/Thorium/OverloadThunderbird.png
Items/Summons/SwarmSummons/AA/MenacingLamp.png
Items/Ammos/Rockets/ClusterRocket1Box.png
UI/Assets/StatsButton_MouseOver.png
Items/Summons/SwarmSummons/OverloadMartians.png
Items/Explosives/InstaBridge.png
Items/Summons/Abom/WeatherBalloon.png
Items/Summons/SwarmSummons/Energizers/EnergizerBee.png
Items/Ammos/Rockets/ClusterRocket2Box.png
Items/Tiles/PurityTotem.png
Projectiles/LumberJaxe.png
Items/Tiles/CrimsonAltar.png
Items/Ammos/Arrows/BoneQuiver.png
Items/Summons/SwarmSummons/Energizers/EnergizerBetsy.png
Items/Ammos/Rockets/DryRocketBox.png
Items/Summons/Deviantt/SlimyLockBox.png
Projectiles/MechEyeProjectile.png
Items/Summons/SwarmSummons/Energizers/EnergizerBrain.png
Items/Ammos/Arrows/ChlorophyteQuiver.png
Items/Tiles/PurityTotemSheet.png
Items/Tiles/CrimsonAltarSheet.png
Projectiles/PhantasmalEyeProjectile.png
Items/Summons/SwarmSummons/Energizers/EnergizerCultist.png
Items/Summons/SwarmSummons/OverloadMoon.png
Items/Ammos/Arrows/CursedQuiver.png
Items/Explosives/InstaPond.png
Items/Tiles/RegalStatue.png
Items/Summons/Deviantt/SuspiciousLookingChest.png
Items/Summons/SwarmSummons/Energizers/EnergizerDarkMage.png
Projectiles/PhantasmalEyeProjectile_Glow.png
Items/Ammos/Arrows/FlameQuiver.png
Items/Explosives/InstaTrack.png
Items/Summons/SwarmSummons/OverloadPirates.png
Items/Tiles/CrucibleCosmos.png
Projectiles/SpawnProj.png
Items/Summons/Deviantt/SuspiciousLookingLure.png
Items/Summons/SwarmSummons/Energizers/EnergizerDeer.png
Properties/launchSettings.json
Items/Summons/Deviantt/AmalgamatedSkull.png
Assets/Sounds/DeathFruit.mp3
Items/Ammos/Arrows/FrostburnQuiver.png
Items/Explosives/Instavator.png
Items/Ammos/Rockets/HoneyRocketBox.png
Assets/Sounds/Horn.mp3
Items/Summons/Deviantt/WormSnack.png
Items/Summons/Deviantt/AmalgamatedSpirit.png
Items/Summons/SwarmSummons/Energizers/EnergizerDestroy.png
Items/Ammos/Rockets/LavaRocketBox.png
Items/Explosives/LihzahrdInstactuationBomb.png
Content/Buffs/BigSuckBuff.png
Items/Summons/SwarmSummons/Energizers/EnergizerEmpress.png
Items/Summons/Deviantt/AthenianIdol.png
Items/Explosives/MiniInstaBridge.png
Items/Ammos/Rockets/MiniNuke1Box.png
Items/Summons/SwarmSummons/OverloadPlant.png
Items/Summons/Deviantt/AttractiveOre.png
Content/Buffs/Omnistation.png
Items/Ammos/Rockets/MiniNuke2Box.png
Items/Explosives/ObsidianInstaBridge.png
Items/Vanity/AbominationnScythe_HandsOn.png
Items/Summons/SwarmSummons/Energizers/EnergizerEye.png
Content/Buffs/Semistation.png
Items/Explosives/OmniBridgifier.png
Items/Ammos/Rockets/Rocket1Box.png
Items/Vanity/DevianttBody.png
Items/Summons/Deviantt/BloodSushiPlatter.png
Items/Tiles/RegalStatueSheet.png
Items/Summons/SwarmSummons/Energizers/EnergizerFish.png
Items/Ammos/Arrows/HellfireQuiver.png
Items/Explosives/SemiBridgifier.png
Items/Summons/Deviantt/BloodUrchin.png
Content/Buffs/WoodDrop.png
Items/Tiles/Semistation.png
Items/Summons/SwarmSummons/Energizers/EnergizerGolem.png
Items/Ammos/Arrows/HolyQuiver.png
Items/Tiles/CrucibleCosmosSheet.png
Items/Ammos/Rockets/Rocket2Box.png
Items/Summons/Deviantt/CloudSnack.png
Content/Gores/AbomGore1.png
Items/Explosives/Trollbomb.png
Content/Gores/AbomGore2.png
Items/Summons/SwarmSummons/Energizers/EnergizerMoon.png
Items/Tiles/SemistationSheet.png
Items/Ammos/Arrows/IchorQuiver.png
Items/Ammos/Rockets/Rocket3Box.png
Items/Summons/Deviantt/ClownLicense.png
Content/Gores/AbomGore3.png
Items/Misc/BattleCry.png
Items/Summons/SwarmSummons/Energizers/EnergizerPlant.png
Items/Ammos/Arrows/JesterQuiver.png
Items/Ammos/Rockets/Rocket4Box.png
Items/Tiles/SiblingPylon.png
Items/Summons/SwarmSummons/Energizers/EnergizerPrime.png
Items/Misc/BattleCry_Glow.png
Content/Gores/DevianttGore1.png
Items/Summons/SwarmSummons/OverloadPrime.png
Content/Gores/DevianttGore2.png
Items/Ammos/Rockets/WetRocketBox.png
Content/Gores/DevianttGore3.png
Items/Summons/SwarmSummons/Energizers/EnergizerQueenSlime.png
Items/Ammos/Arrows/LuminiteQuiver.png
Items/Summons/Deviantt/CoreoftheFrostCore.png
Items/Tiles/SiblingPylonTile.png
Content/Gores/LumberGore1.png
Items/Summons/Abom/Anemometer.png
Items/Summons/SwarmSummons/Energizers/EnergizerSkele.png
Items/Ammos/Arrows/UnholyQuiver.png
Content/Gores/LumberGore2.png
Items/Summons/Deviantt/CorruptChest.png
Items/Summons/SwarmSummons/Energizers/EnergizerSlime.png
Content/Gores/LumberGore3.png
Items/Summons/Mutant/AncientSeal.png
Items/Summons/Abom/BatteredClub.png
Items/Ammos/Arrows/VenomQuiver.png
Items/Summons/Deviantt/CrimsonChest.png
Items/Summons/SwarmSummons/Energizers/EnergizerTwins.png
Content/Gores/MutantGore1.png
Content/Gores/MutantGore2.png
Items/Summons/SwarmSummons/Energizers/EnergizerWall.png
Items/Summons/Mutant/BloodwormEX.png
Items/Ammos/Bullets/ChlorophytePouch.png
Items/Summons/Abom/BetsyEgg.png
Content/Gores/MutantGore3.png
Items/Summons/SwarmSummons/OverloadPumpkinMoon.png
Items/Summons/SwarmSummons/Energizers/EnergizerWorm.png
Items/Ammos/Bullets/CrystalPouch.png
Items/Summons/Abom/FestiveOrnament.png
Items/Summons/Mutant/CultistSummon.png
Items/Ammos/GelPack.png
Items/Summons/SwarmSummons/Thorium/OverloadChampion.png
Items/Summons/Deviantt/DemonicPlushie.png
Items/Ammos/Bullets/CursedPouch.png
Items/Summons/SwarmSummons/OverloadQueenSlime.png
Items/Summons/Abom/ForbiddenScarab.png
Items/Summons/Deviantt/DilutedRainbowMatter.png
Items/Ammos/StarPouch.png
Items/Ammos/Bullets/ExplosivePouch.png
Items/Tiles/CrucibleCosmosSheet2.png
Items/Summons/Mutant/DeathBringerFairy.png
Items/Summons/Abom/ForbiddenTome.png
Items/Ammos/Bullets/GoldenPouch.png
Items/Summons/Deviantt/Eggplant.png
Items/Summons/SwarmSummons/OverloadSkele.png
Items/Tiles/SiblingPylonTile_Crystal.png
Items/Renewals/CorruptRenewal.png
Items/Summons/Abom/HeadofMan.png
NPCs/Squirrel_Glow.png
Items/Summons/Mutant/FleshyDoll.png
Items/Summons/Deviantt/ForbiddenForbiddenFragment.png
Items/Misc/BigSuckPotion.png
Items/Ammos/Bullets/IchorPouch.png
Items/Tiles/MutantToilet.png
Items/Summons/SwarmSummons/OverloadSlimeCrown.png
Items/Summons/Deviantt/GnomeHat.png
Items/Summons/Abom/IceKingsRemains.png
Items/Vanity/DevianttBody_Body.png
Items/Misc/DeathFruit.png
Items/Ammos/Bullets/LuminitePouch.png
Items/Summons/SwarmSummons/OverloadTwins.png
Items/Summons/Deviantt/GoblinScrap.png
Items/Summons/Abom/MartianMemoryStick.png
Items/Summons/Mutant/MechanicalAmalgam.png
Items/Misc/Fertilizer.png
Items/Ammos/Bullets/MeteorPouch.png
Items/Vanity/DevianttMask.png
Items/Summons/SwarmSummons/OverloadWall.png
Items/Misc/KohaCrystal.png
Items/Summons/Deviantt/GoldenSlimeCrown.png
Items/Summons/Mutant/MutantVoodoo.png
Items/Summons/Deviantt/HemoclawCrab.png
Items/Ammos/Bullets/NanoPouch.png
NPCs/Abominationn.png
Items/Misc/ModeToggle_0.png
Items/Summons/Mutant/PlanterasFruit.png
Items/Vanity/AbominationnScythe.png
Items/Summons/SwarmSummons/OverloadWorm.png
Items/Ammos/Bullets/PartyPouch.png
Items/Summons/Deviantt/GrandCross.png
NPCs/Abominationn_Head.png
Items/Misc/ModeToggle_1.png
Items/Summons/Mutant/PrismaticPrimrose.png
Projectiles/Explosives/AltarExterminatorProj.png
Items/Tiles/SiblingPylonTile_CrystalHighlight.png
Items/Ammos/Bullets/SilverPouch.png
Items/Summons/Deviantt/HallowChest.png
Projectiles/Explosives/AutoHouseProj.png
Items/Summons/Mutant/Slimy.png
Items/Misc/ModeToggle_2.png
Items/Summons/Deviantt/HeartChocolate.png
Items/Summons/VanillaCopy/Abeemination2.png
Items/Summons/Deviantt/Thorium/GlacierBoulder.png
Projectiles/Explosives/CityBuster.png
Items/Summons/SwarmSummons/OverloadDeer.png
Items/Summons/Mutant/SuspiciousSkull.png
Items/Misc/ModeToggle_3.png
Projectiles/Explosives/DoubleObsInstaBridgeProj.png
Items/Tiles/SiblingPylonTile_MapIcon.png
Items/Misc/PortableSundial.png
Items/Summons/VanillaCopy/DeerThing2.png
Items/Summons/SwarmSummons/OverloadBee.png
Items/Tiles/WalkingRick.png
Items/Summons/VanillaCopy/GoreySpine.png
Items/Misc/PylonCleaner.png
Items/Vanity/DevianttPants_Legs.png
Projectiles/Explosives/GraveBuster.png
Items/Summons/VanillaCopy/LihzahrdPowerCell2.png
Items/Summons/SwarmSummons/OverloadBetsy.png
Items/Vanity/LumberHat.png
Items/Misc/SuperDummy.png
Projectiles/Explosives/HalfInstaProj.png
Items/Tiles/CrucibleCosmosSheet3.png
Items/Tiles/WalkingRickSheet.png
Projectiles/Explosives/InstabridgeProj.png
Items/Summons/VanillaCopy/MechEye.png
Items/Summons/SwarmSummons/OverloadBrain.png
Items/Tiles/WoodenToken.png
Items/Tiles/DemonAltar.png
Items/Vanity/DevianttMask_Head.png
Items/Summons/VanillaCopy/MechSkull.png
Items/Vanity/DevianttPants.png
Items/Tiles/WoodenTokenSheet.png
Items/Summons/SwarmSummons/OverloadCultist.png
Projectiles/Explosives/InstaHouseVisual.png
Items/Tiles/DemonAltarSheet.png
Items/Summons/VanillaCopy/MechWorm.png
Items/Vanity/AbominationnBody.png
Projectiles/Explosives/InstaProj.png
Items/Summons/VanillaCopy/SlimyCrown.png
NPCs/Deviantt.png
Items/Summons/SwarmSummons/OverloadDarkMage.png
Items/Summons/VanillaCopy/SuspiciousEye.png
Items/Tiles/EchPainting.png
NPCs/Deviantt_Head.png
Items/Summons/VanillaCopy/WormyFood.png
Items/Summons/Deviantt/Thorium/CorpseFlower.png
Items/Tiles/EchPaintingSheet.png
Items/Vanity/LumberHat_Head.png
Items/Vanity/LumberjackBody.png
Items/Tiles/ElementalAssembler.png
Items/Vanity/AbominationnBody_Body.png
Items/Vanity/AbominationnMask.png
NPCs/Deviantt_Shimmer.png
Items/Tiles/ElementalAssemblerSheet.png
Items/Vanity/LumberjackBody_Body.png
Items/Tiles/GoldenDippingVat.png
Items/Vanity/LumberjackMask.png
Items/Vanity/AbominationnMask_Head.png
Items/Vanity/AbominationnPants.png
Items/Vanity/LumberjackMask_Head.png
Items/Vanity/LumberjackPants.png
Items/Tiles/GoldenDippingVatSheet.png
Items/Vanity/AbominationnPants_Legs.png
Items/Tiles/MultitaskCenter.png
NPCs/LumberJack.png
Items/Vanity/LumberjackPants_Legs.png
NPCs/LumberJack_Head.png
Items/Vanity/MutantBody.png
Items/Tiles/MultitaskCenterSheet.png
Items/Vanity/MutantBody_Body.png
Items/Vanity/MutantMask.png
NPCs/LumberJack_Party.png
Items/Vanity/MutantMask_Head.png
Items/Vanity/MutantPants.png
Items/Vanity/MutantPants_Legs.png
Items/Weapons/LumberJaxe.png
NPCs/Lumberjack_Shimmer.png
NPCs/Lumberjack_Shimmer_Party.png
NPCs/Mutant.png
NPCs/Mutant_Head.png
NPCs/Mutant_Shimmer.png
NPCs/Mutant_Shimmer_Party.png
NPCs/Squirrel.png
NPCs/Squirrel_Eyes.png
icon_workshop.png
LICENSE
README.md
workshop.json
Assets/InstaVisualSquare.png
Items/Placeholder.png
Localization/en-US.hjson
Localization/ru-RU.hjson
